social_sdk_example/build/outputs/logs/manifest-merger-debug-report.txt
-- Merging decision tree log ---
manifest
ADDED from src\main\AndroidManifest.xml:2:1-197:12
	xmlns:tools
		ADDED from src\main\AndroidManifest.xml:3:5-51
	xmlns:android
		ADDED from src\main\AndroidManifest.xml:2:11-69
	package
		ADDED from src\main\AndroidManifest.xml:4:5-34
		INJECTED from src\main\AndroidManifest.xml
		INJECTED from src\main\AndroidManifest.xml
	android:versionName
		ADDED from src\main\AndroidManifest.xml:6:5-30
	android:versionCode
		ADDED from src\main\AndroidManifest.xml:5:5-28
		INJECTED from src\main\AndroidManifest.xml
		INJECTED from src\main\AndroidManifest.xml
application
ADDED from src\main\AndroidManifest.xml:8:5-170:19
MERGED from [com.android.support:support-v4:21.0.3] AndroidManifest.xml:16:5-19
	android:label
		ADDED from src\main\AndroidManifest.xml:11:9-41
	android:allowBackup
		ADDED from src\main\AndroidManifest.xml:9:9-35
	android:icon
		ADDED from src\main\AndroidManifest.xml:10:9-38
	android:theme
		ADDED from src\main\AndroidManifest.xml:12:9-62
activity#com.umeng.soexample.activity.WelActivity
ADDED from src\main\AndroidManifest.xml:14:9-26:20
	android:screenOrientation
		ADDED from src\main\AndroidManifest.xml:19:13-49
	android:noHistory
		ADDED from src\main\AndroidManifest.xml:18:13-37
	android:label
		ADDED from src\main\AndroidManifest.xml:17:13-45
	android:configChanges
		ADDED from src\main\AndroidManifest.xml:16:13-57
	android:theme
		ADDED from src\main\AndroidManifest.xml:20:13-77
	android:name
		ADDED from src\main\AndroidManifest.xml:15:13-68
intent-filter#android.intent.action.MAIN+android.intent.category.LAUNCHER
ADDED from src\main\AndroidManifest.xml:21:13-25:29
action#android.intent.action.MAIN
ADDED from src\main\AndroidManifest.xml:22:17-69
	android:name
		ADDED from src\main\AndroidManifest.xml:22:25-66
category#android.intent.category.LAUNCHER
ADDED from src\main\AndroidManifest.xml:24:17-77
	android:name
		ADDED from src\main\AndroidManifest.xml:24:27-74
meta-data#UMENG_APPKEY
ADDED from src\main\AndroidManifest.xml:29:9-32:21
	android:name
		ADDED from src\main\AndroidManifest.xml:30:13-40
	android:value
		ADDED from src\main\AndroidManifest.xml:31:13-53
activity#com.umeng.socialize.view.ShareActivity
ADDED from src\main\AndroidManifest.xml:39:9-46:20
	android:windowSoftInputMode
		ADDED from src\main\AndroidManifest.xml:45:13-68
	android:noHistory
		ADDED from src\main\AndroidManifest.xml:43:13-37
	android:configChanges
		ADDED from src\main\AndroidManifest.xml:41:13-57
	android:theme
		ADDED from src\main\AndroidManifest.xml:44:13-50
	android:name
		ADDED from src\main\AndroidManifest.xml:40:13-66
	android:launchMode
		ADDED from src\main\AndroidManifest.xml:42:13-44
activity#com.tencent.tauth.AuthActivity
ADDED from src\main\AndroidManifest.xml:49:9-61:20
	android:noHistory
		ADDED from src\main\AndroidManifest.xml:52:13-37
	android:name
		ADDED from src\main\AndroidManifest.xml:50:13-58
	android:launchMode
		ADDED from src\main\AndroidManifest.xml:51:13-44
intent-filter#android.intent.action.VIEW+android.intent.category.BROWSABLE+android.intent.category.DEFAULT
ADDED from src\main\AndroidManifest.xml:53:13-60:29
action#android.intent.action.VIEW
ADDED from src\main\AndroidManifest.xml:54:17-69
	android:name
		ADDED from src\main\AndroidManifest.xml:54:25-66
category#android.intent.category.DEFAULT
ADDED from src\main\AndroidManifest.xml:56:17-76
	android:name
		ADDED from src\main\AndroidManifest.xml:56:27-73
category#android.intent.category.BROWSABLE
ADDED from src\main\AndroidManifest.xml:57:17-78
	android:name
		ADDED from src\main\AndroidManifest.xml:57:27-75
data
ADDED from src\main\AndroidManifest.xml:59:17-59
	android:scheme
		ADDED from src\main\AndroidManifest.xml:59:23-56
activity#com.tencent.connect.common.AssistActivity
ADDED from src\main\AndroidManifest.xml:62:9-65:75
	android:screenOrientation
		ADDED from src\main\AndroidManifest.xml:64:13-49
	android:theme
		ADDED from src\main\AndroidManifest.xml:65:13-72
	android:name
		ADDED from src\main\AndroidManifest.xml:63:13-69
activity#com.umeng.soexample.wxapi.WXEntryActivity
ADDED from src\main\AndroidManifest.xml:68:9-73:75
	android:screenOrientation
		ADDED from src\main\AndroidManifest.xml:72:13-49
	android:configChanges
		ADDED from src\main\AndroidManifest.xml:70:13-74
	android:theme
		ADDED from src\main\AndroidManifest.xml:73:13-72
	android:exported
		ADDED from src\main\AndroidManifest.xml:71:13-36
	android:name
		ADDED from src\main\AndroidManifest.xml:69:13-50
activity#com.umeng.soexample.yxapi.YXEntryActivity
ADDED from src\main\AndroidManifest.xml:76:9-81:75
	android:screenOrientation
		ADDED from src\main\AndroidManifest.xml:80:13-49
	android:configChanges
		ADDED from src\main\AndroidManifest.xml:78:13-74
	android:theme
		ADDED from src\main\AndroidManifest.xml:81:13-72
	android:exported
		ADDED from src\main\AndroidManifest.xml:79:13-36
	android:name
		ADDED from src\main\AndroidManifest.xml:77:13-50
activity#com.renn.rennsdk.oauth.OAuthActivity
ADDED from src\main\AndroidManifest.xml:84:9-86:77
	android:configChanges
		ADDED from src\main\AndroidManifest.xml:86:13-74
	android:name
		ADDED from src\main\AndroidManifest.xml:85:13-64
activity#com.facebook.FacebookActivity
ADDED from src\main\AndroidManifest.xml:89:9-93:75
	android:label
		ADDED from src\main\AndroidManifest.xml:92:13-45
	android:configChanges
		ADDED from src\main\AndroidManifest.xml:91:13-96
	android:theme
		ADDED from src\main\AndroidManifest.xml:93:13-72
	android:name
		ADDED from src\main\AndroidManifest.xml:90:13-57
meta-data#com.facebook.sdk.ApplicationId
ADDED from src\main\AndroidManifest.xml:100:9-102:55
	android:name
		ADDED from src\main\AndroidManifest.xml:101:13-58
	android:value
		ADDED from src\main\AndroidManifest.xml:102:13-52
activity#com.umeng.socialize.view.CommentActivity
ADDED from src\main\AndroidManifest.xml:108:9-112:20
	android:configChanges
		ADDED from src\main\AndroidManifest.xml:110:13-57
	android:theme
		ADDED from src\main\AndroidManifest.xml:111:13-51
	android:name
		ADDED from src\main\AndroidManifest.xml:109:13-68
activity#com.umeng.socialize.view.CommentDetail
ADDED from src\main\AndroidManifest.xml:113:9-118:20
	android:noHistory
		ADDED from src\main\AndroidManifest.xml:116:13-37
	android:configChanges
		ADDED from src\main\AndroidManifest.xml:115:13-57
	android:theme
		ADDED from src\main\AndroidManifest.xml:117:13-51
	android:name
		ADDED from src\main\AndroidManifest.xml:114:13-66
activity#com.umeng.socialize.view.CommentDetailNoMap
ADDED from src\main\AndroidManifest.xml:119:9-124:20
	android:noHistory
		ADDED from src\main\AndroidManifest.xml:122:13-37
	android:configChanges
		ADDED from src\main\AndroidManifest.xml:121:13-57
	android:theme
		ADDED from src\main\AndroidManifest.xml:123:13-51
	android:name
		ADDED from src\main\AndroidManifest.xml:120:13-71
activity#com.umeng.soexample.activity.NavigationActivity
ADDED from src\main\AndroidManifest.xml:133:9-138:20
	android:label
		ADDED from src\main\AndroidManifest.xml:136:13-45
	android:configChanges
		ADDED from src\main\AndroidManifest.xml:135:13-57
	android:theme
		ADDED from src\main\AndroidManifest.xml:137:13-44
	android:name
		ADDED from src\main\AndroidManifest.xml:134:13-56
activity#com.umeng.soexample.activity.SocialHomeActivity
ADDED from src\main\AndroidManifest.xml:139:9-143:20
	android:label
		ADDED from src\main\AndroidManifest.xml:142:13-45
	android:configChanges
		ADDED from src\main\AndroidManifest.xml:141:13-57
	android:name
		ADDED from src\main\AndroidManifest.xml:140:13-56
activity#com.umeng.soexample.activity.SwitchActivity
ADDED from src\main\AndroidManifest.xml:144:9-149:20
	android:label
		ADDED from src\main\AndroidManifest.xml:147:13-45
	android:configChanges
		ADDED from src\main\AndroidManifest.xml:146:13-57
	android:name
		ADDED from src\main\AndroidManifest.xml:145:13-52
	android:launchMode
		ADDED from src\main\AndroidManifest.xml:148:13-42
activity#com.umeng.soexample.activity.CustomPlatformActivity
ADDED from src\main\AndroidManifest.xml:150:9-154:20
	android:label
		ADDED from src\main\AndroidManifest.xml:153:13-64
	android:configChanges
		ADDED from src\main\AndroidManifest.xml:152:13-57
	android:name
		ADDED from src\main\AndroidManifest.xml:151:13-60
activity#com.umeng.soexample.activity.ActionBarExampleDetail
ADDED from src\main\AndroidManifest.xml:155:9-159:20
	android:label
		ADDED from src\main\AndroidManifest.xml:158:13-64
	android:configChanges
		ADDED from src\main\AndroidManifest.xml:157:13-57
	android:name
		ADDED from src\main\AndroidManifest.xml:156:13-60
meta-data#UMENG_CHANNEL
ADDED from src\main\AndroidManifest.xml:161:9-164:21
	android:name
		ADDED from src\main\AndroidManifest.xml:162:13-41
	android:value
		ADDED from src\main\AndroidManifest.xml:163:13-34
uses-library#com.google.android.maps
ADDED from src\main\AndroidManifest.xml:166:9-168:40
	android:required
		ADDED from src\main\AndroidManifest.xml:168:13-37
	android:name
		ADDED from src\main\AndroidManifest.xml:167:13-51
uses-library#android.test.runner
ADDED from src\main\AndroidManifest.xml:169:9-60
	android:name
		ADDED from src\main\AndroidManifest.xml:169:23-57
uses-sdk
ADDED from src\main\AndroidManifest.xml:172:5-176:11
MERGED from [com.android.support:support-v4:21.0.3] AndroidManifest.xml:15:5-42
	android:targetSdkVersion
		ADDED from src\main\AndroidManifest.xml:174:9-38
		INJECTED from src\main\AndroidManifest.xml
		INJECTED from src\main\AndroidManifest.xml
	android:minSdkVersion
		ADDED from src\main\AndroidManifest.xml:173:9-34
		INJECTED from src\main\AndroidManifest.xml
		INJECTED from src\main\AndroidManifest.xml
	tools:overrideLibrary
		ADDED from src\main\AndroidManifest.xml:175:9-91
uses-permission#android.permission.ACCESS_NETWORK_STATE
ADDED from src\main\AndroidManifest.xml:178:5-79
	android:name
		ADDED from src\main\AndroidManifest.xml:178:22-76
uses-permission#android.permission.ACCESS_WIFI_STATE
ADDED from src\main\AndroidManifest.xml:179:5-76
	android:name
		ADDED from src\main\AndroidManifest.xml:179:22-73
uses-permission#android.permission.READ_PHONE_STATE
ADDED from src\main\AndroidManifest.xml:180:5-75
	android:name
		ADDED from src\main\AndroidManifest.xml:180:22-72
uses-permission#android.permission.WRITE_EXTERNAL_STORAGE
ADDED from src\main\AndroidManifest.xml:181:5-81
	android:name
		ADDED from src\main\AndroidManifest.xml:181:22-78
uses-permission#android.permission.INTERNET
ADDED from src\main\AndroidManifest.xml:182:5-67
	android:name
		ADDED from src\main\AndroidManifest.xml:182:22-64
uses-permission#android.permission.READ_LOGS
ADDED from src\main\AndroidManifest.xml:183:5-68
	android:name
		ADDED from src\main\AndroidManifest.xml:183:22-65
uses-permission#android.permission.CALL_PHONE
ADDED from src\main\AndroidManifest.xml:184:5-69
	android:name
		ADDED from src\main\AndroidManifest.xml:184:22-66
uses-permission#android.permission.ACCESS_FINE_LOCATION
ADDED from src\main\AndroidManifest.xml:185:5-79
	android:name
		ADDED from src\main\AndroidManifest.xml:185:22-76
uses-permission#android.permission.ACCESS_COARSE_LOCATION
ADDED from src\main\AndroidManifest.xml:186:5-81
	android:name
		ADDED from src\main\AndroidManifest.xml:186:22-78
uses-permission#android.permission.GET_TASKS
ADDED from src\main\AndroidManifest.xml:190:5-68
	android:name
		ADDED from src\main\AndroidManifest.xml:190:22-65
uses-permission#android.permission.SET_DEBUG_APP
ADDED from src\main\AndroidManifest.xml:191:5-72
	android:name
		ADDED from src\main\AndroidManifest.xml:191:22-69
uses-permission#android.permission.SYSTEM_ALERT_WINDOW
ADDED from src\main\AndroidManifest.xml:192:5-78
	android:name
		ADDED from src\main\AndroidManifest.xml:192:22-75
uses-permission#android.permission.GET_ACCOUNTS
ADDED from src\main\AndroidManifest.xml:193:5-71
	android:name
		ADDED from src\main\AndroidManifest.xml:193:22-68
uses-permission#android.permission.USE_CREDENTIALS
ADDED from src\main\AndroidManifest.xml:194:5-74
	android:name
		ADDED from src\main\AndroidManifest.xml:194:22-71
uses-permission#android.permission.MANAGE_ACCOUNTS
ADDED from src\main\AndroidManifest.xml:195:5-74
	android:name
		ADDED from src\main\AndroidManifest.xml:195:22-71